2025-11-21 20:56:45,222 [INFO] fetch_kline.py:139 从 test_stocklist.csv 读取到 200 只股票（排除板块：无）
2025-11-21 20:56:45,222 [INFO] fetch_kline.py:217 开始抓取 200 支股票 | 数据源:Tushare(日线,qfq) | 日期:20240101 → 20251121 | 排除:无
2025-11-21 20:56:52,177 [INFO] fetch_kline.py:237 全部任务完成，数据已保存至 /Users/liuyuhang/cursor/StockTradebyZ/data
2025-11-21 21:02:11,641 [INFO] fetch_kline.py:139 从 stocklist.csv 读取到 5429 只股票（排除板块：无）
2025-11-21 21:02:11,642 [INFO] fetch_kline.py:217 开始抓取 5429 支股票 | 数据源:Tushare(日线,qfq) | 日期:20240101 → 20251121 | 排除:无
2025-11-21 21:02:25,080 [INFO] fetch_kline.py:167 001367 第 1 次抓取失败，15 秒后重试：ERROR.
2025-11-21 21:02:25,125 [INFO] fetch_kline.py:167 001368 第 1 次抓取失败，15 秒后重试：ERROR.
2025-11-21 21:02:25,141 [INFO] fetch_kline.py:167 001373 第 1 次抓取失败，15 秒后重试：ERROR.
2025-11-21 21:02:25,167 [INFO] fetch_kline.py:167 001378 第 1 次抓取失败，15 秒后重试：ERROR.
2025-11-21 21:02:25,179 [INFO] fetch_kline.py:167 001376 第 1 次抓取失败，15 秒后重试：ERROR.
2025-11-21 21:02:25,229 [INFO] fetch_kline.py:167 001379 第 1 次抓取失败，15 秒后重试：ERROR.
2025-11-21 21:02:40,235 [INFO] fetch_kline.py:167 001367 第 2 次抓取失败，30 秒后重试：ERROR.
2025-11-21 21:02:40,279 [INFO] fetch_kline.py:167 001368 第 2 次抓取失败，30 秒后重试：ERROR.
2025-11-21 21:02:40,292 [INFO] fetch_kline.py:167 001373 第 2 次抓取失败，30 秒后重试：ERROR.
2025-11-21 21:02:40,312 [INFO] fetch_kline.py:167 001378 第 2 次抓取失败，30 秒后重试：ERROR.
2025-11-21 21:02:40,318 [INFO] fetch_kline.py:167 001376 第 2 次抓取失败，30 秒后重试：ERROR.
2025-11-21 21:02:40,380 [INFO] fetch_kline.py:167 001379 第 2 次抓取失败，30 秒后重试：ERROR.
2025-11-21 21:03:10,476 [INFO] fetch_kline.py:167 001368 第 3 次抓取失败，45 秒后重试：ERROR.
2025-11-21 21:03:10,489 [INFO] fetch_kline.py:167 001376 第 3 次抓取失败，45 秒后重试：ERROR.
2025-11-21 21:03:10,503 [INFO] fetch_kline.py:167 001367 第 3 次抓取失败，45 秒后重试：ERROR.
2025-11-21 21:03:10,504 [INFO] fetch_kline.py:167 001373 第 3 次抓取失败，45 秒后重试：ERROR.
2025-11-21 21:03:10,505 [INFO] fetch_kline.py:167 001378 第 3 次抓取失败，45 秒后重试：ERROR.
2025-11-21 21:03:10,552 [INFO] fetch_kline.py:167 001379 第 3 次抓取失败，45 秒后重试：ERROR.
2025-11-21 21:03:55,479 [ERROR] fetch_kline.py:170 001368 三次抓取均失败，已跳过！
2025-11-21 21:03:55,494 [ERROR] fetch_kline.py:170 001376 三次抓取均失败，已跳过！
2025-11-21 21:03:55,507 [ERROR] fetch_kline.py:170 001367 三次抓取均失败，已跳过！
2025-11-21 21:03:55,510 [ERROR] fetch_kline.py:170 001378 三次抓取均失败，已跳过！
2025-11-21 21:03:55,510 [ERROR] fetch_kline.py:170 001373 三次抓取均失败，已跳过！
2025-11-21 21:03:55,555 [ERROR] fetch_kline.py:170 001379 三次抓取均失败，已跳过！
2025-11-21 21:04:06,458 [INFO] fetch_kline.py:167 002522 第 1 次抓取失败，15 秒后重试：ERROR.
2025-11-21 21:04:06,478 [INFO] fetch_kline.py:167 002523 第 1 次抓取失败，15 秒后重试：ERROR.
2025-11-21 21:04:06,479 [INFO] fetch_kline.py:167 002521 第 1 次抓取失败，15 秒后重试：ERROR.
2025-11-21 21:04:06,497 [INFO] fetch_kline.py:167 002526 第 1 次抓取失败，15 秒后重试：ERROR.
2025-11-21 21:04:06,566 [INFO] fetch_kline.py:167 002527 第 1 次抓取失败，15 秒后重试：ERROR.
2025-11-21 21:04:06,580 [INFO] fetch_kline.py:167 002528 第 1 次抓取失败，15 秒后重试：ERROR.
2025-11-21 21:04:21,647 [INFO] fetch_kline.py:167 002522 第 2 次抓取失败，30 秒后重试：ERROR.
2025-11-21 21:04:21,661 [INFO] fetch_kline.py:167 002521 第 2 次抓取失败，30 秒后重试：ERROR.
2025-11-21 21:04:21,675 [INFO] fetch_kline.py:167 002526 第 2 次抓取失败，30 秒后重试：ERROR.
2025-11-21 21:04:21,678 [INFO] fetch_kline.py:167 002523 第 2 次抓取失败，30 秒后重试：ERROR.
2025-11-21 21:04:21,757 [INFO] fetch_kline.py:167 002527 第 2 次抓取失败，30 秒后重试：ERROR.
2025-11-21 21:04:21,758 [INFO] fetch_kline.py:167 002528 第 2 次抓取失败，30 秒后重试：ERROR.
2025-11-21 21:04:51,793 [INFO] fetch_kline.py:167 002521 第 3 次抓取失败，45 秒后重试：ERROR.
2025-11-21 21:04:51,797 [INFO] fetch_kline.py:167 002522 第 3 次抓取失败，45 秒后重试：ERROR.
2025-11-21 21:04:51,805 [INFO] fetch_kline.py:167 002526 第 3 次抓取失败，45 秒后重试：ERROR.
2025-11-21 21:04:51,821 [INFO] fetch_kline.py:167 002523 第 3 次抓取失败，45 秒后重试：ERROR.
2025-11-21 21:04:51,879 [INFO] fetch_kline.py:167 002528 第 3 次抓取失败，45 秒后重试：ERROR.
2025-11-21 21:04:51,890 [INFO] fetch_kline.py:167 002527 第 3 次抓取失败，45 秒后重试：ERROR.
2025-11-21 21:05:36,795 [ERROR] fetch_kline.py:170 002521 三次抓取均失败，已跳过！
2025-11-21 21:05:36,800 [ERROR] fetch_kline.py:170 002522 三次抓取均失败，已跳过！
2025-11-21 21:05:36,810 [ERROR] fetch_kline.py:170 002526 三次抓取均失败，已跳过！
2025-11-21 21:05:36,825 [ERROR] fetch_kline.py:170 002523 三次抓取均失败，已跳过！
2025-11-21 21:05:36,885 [ERROR] fetch_kline.py:170 002528 三次抓取均失败，已跳过！
2025-11-21 21:05:36,892 [ERROR] fetch_kline.py:170 002527 三次抓取均失败，已跳过！
2025-11-21 21:05:49,255 [INFO] fetch_kline.py:167 300029 第 1 次抓取失败，15 秒后重试：ERROR.
2025-11-21 21:05:49,340 [INFO] fetch_kline.py:167 300031 第 1 次抓取失败，15 秒后重试：ERROR.
2025-11-21 21:05:49,357 [INFO] fetch_kline.py:167 300034 第 1 次抓取失败，15 秒后重试：ERROR.
2025-11-21 21:05:49,370 [INFO] fetch_kline.py:167 300033 第 1 次抓取失败，15 秒后重试：ERROR.
2025-11-21 21:05:49,374 [INFO] fetch_kline.py:167 300032 第 1 次抓取失败，15 秒后重试：ERROR.
2025-11-21 21:05:49,397 [INFO] fetch_kline.py:167 300035 第 1 次抓取失败，15 秒后重试：ERROR.
2025-11-21 21:06:04,482 [INFO] fetch_kline.py:167 300029 第 2 次抓取失败，30 秒后重试：ERROR.
2025-11-21 21:06:04,548 [INFO] fetch_kline.py:167 300031 第 2 次抓取失败，30 秒后重试：ERROR.
2025-11-21 21:06:04,555 [INFO] fetch_kline.py:167 300034 第 2 次抓取失败，30 秒后重试：ERROR.
2025-11-21 21:06:04,565 [INFO] fetch_kline.py:167 300032 第 2 次抓取失败，30 秒后重试：ERROR.
2025-11-21 21:06:04,565 [INFO] fetch_kline.py:167 300033 第 2 次抓取失败，30 秒后重试：ERROR.
2025-11-21 21:06:04,566 [INFO] fetch_kline.py:167 300035 第 2 次抓取失败，30 秒后重试：ERROR.
2025-11-21 21:06:34,640 [INFO] fetch_kline.py:167 300029 第 3 次抓取失败，45 秒后重试：ERROR.
2025-11-21 21:06:34,698 [INFO] fetch_kline.py:167 300033 第 3 次抓取失败，45 秒后重试：ERROR.
2025-11-21 21:06:34,699 [INFO] fetch_kline.py:167 300031 第 3 次抓取失败，45 秒后重试：ERROR.
2025-11-21 21:06:34,702 [INFO] fetch_kline.py:167 300034 第 3 次抓取失败，45 秒后重试：ERROR.
2025-11-21 21:06:34,709 [INFO] fetch_kline.py:167 300035 第 3 次抓取失败，45 秒后重试：ERROR.
2025-11-21 21:06:34,718 [INFO] fetch_kline.py:167 300032 第 3 次抓取失败，45 秒后重试：ERROR.
2025-11-21 21:07:19,642 [ERROR] fetch_kline.py:170 300029 三次抓取均失败，已跳过！
2025-11-21 21:07:19,700 [ERROR] fetch_kline.py:170 300033 三次抓取均失败，已跳过！
2025-11-21 21:07:19,700 [ERROR] fetch_kline.py:170 300031 三次抓取均失败，已跳过！
2025-11-21 21:07:19,705 [ERROR] fetch_kline.py:170 300034 三次抓取均失败，已跳过！
2025-11-21 21:07:19,708 [ERROR] fetch_kline.py:170 300035 三次抓取均失败，已跳过！
2025-11-21 21:07:19,721 [ERROR] fetch_kline.py:170 300032 三次抓取均失败，已跳过！
2025-11-21 21:07:32,166 [INFO] fetch_kline.py:167 300572 第 1 次抓取失败，15 秒后重试：ERROR.
2025-11-21 21:07:32,202 [INFO] fetch_kline.py:167 300573 第 1 次抓取失败，15 秒后重试：ERROR.
2025-11-21 21:07:32,270 [INFO] fetch_kline.py:167 300575 第 1 次抓取失败，15 秒后重试：ERROR.
2025-11-21 21:07:32,271 [INFO] fetch_kline.py:167 300576 第 1 次抓取失败，15 秒后重试：ERROR.
2025-11-21 21:07:32,277 [INFO] fetch_kline.py:167 300578 第 1 次抓取失败，15 秒后重试：ERROR.
2025-11-21 21:07:32,278 [INFO] fetch_kline.py:167 300577 第 1 次抓取失败，15 秒后重试：ERROR.
2025-11-21 21:07:47,331 [INFO] fetch_kline.py:167 300572 第 2 次抓取失败，30 秒后重试：ERROR.
2025-11-21 21:07:47,368 [INFO] fetch_kline.py:167 300573 第 2 次抓取失败，30 秒后重试：ERROR.
2025-11-21 21:07:47,421 [INFO] fetch_kline.py:167 300575 第 2 次抓取失败，30 秒后重试：ERROR.
2025-11-21 21:07:47,421 [INFO] fetch_kline.py:167 300576 第 2 次抓取失败，30 秒后重试：ERROR.
2025-11-21 21:07:47,423 [INFO] fetch_kline.py:167 300577 第 2 次抓取失败，30 秒后重试：ERROR.
2025-11-21 21:07:47,424 [INFO] fetch_kline.py:167 300578 第 2 次抓取失败，30 秒后重试：ERROR.
2025-11-21 21:08:17,512 [INFO] fetch_kline.py:167 300572 第 3 次抓取失败，45 秒后重试：ERROR.
2025-11-21 21:08:17,528 [INFO] fetch_kline.py:167 300573 第 3 次抓取失败，45 秒后重试：ERROR.
2025-11-21 21:08:17,581 [INFO] fetch_kline.py:167 300576 第 3 次抓取失败，45 秒后重试：ERROR.
2025-11-21 21:08:17,584 [INFO] fetch_kline.py:167 300578 第 3 次抓取失败，45 秒后重试：ERROR.
2025-11-21 21:08:17,586 [INFO] fetch_kline.py:167 300577 第 3 次抓取失败，45 秒后重试：ERROR.
2025-11-21 21:08:17,590 [INFO] fetch_kline.py:167 300575 第 3 次抓取失败，45 秒后重试：ERROR.
2025-11-21 21:09:02,521 [ERROR] fetch_kline.py:170 300572 三次抓取均失败，已跳过！
2025-11-21 21:09:02,534 [ERROR] fetch_kline.py:170 300573 三次抓取均失败，已跳过！
2025-11-21 21:09:02,589 [ERROR] fetch_kline.py:170 300578 三次抓取均失败，已跳过！
2025-11-21 21:09:02,589 [ERROR] fetch_kline.py:170 300576 三次抓取均失败，已跳过！
2025-11-21 21:09:02,590 [ERROR] fetch_kline.py:170 300577 三次抓取均失败，已跳过！
2025-11-21 21:09:02,594 [ERROR] fetch_kline.py:170 300575 三次抓取均失败，已跳过！
2025-11-21 21:09:14,983 [INFO] fetch_kline.py:167 301110 第 1 次抓取失败，15 秒后重试：ERROR.
2025-11-21 21:09:14,991 [INFO] fetch_kline.py:167 301108 第 1 次抓取失败，15 秒后重试：ERROR.
2025-11-21 21:09:14,993 [INFO] fetch_kline.py:167 301109 第 1 次抓取失败，15 秒后重试：ERROR.
2025-11-21 21:09:15,006 [INFO] fetch_kline.py:167 301111 第 1 次抓取失败，15 秒后重试：ERROR.
2025-11-21 21:09:15,008 [INFO] fetch_kline.py:167 301107 第 1 次抓取失败，15 秒后重试：ERROR.
2025-11-21 21:09:15,096 [INFO] fetch_kline.py:167 301112 第 1 次抓取失败，15 秒后重试：ERROR.
2025-11-21 21:09:30,319 [INFO] fetch_kline.py:167 301110 第 2 次抓取失败，30 秒后重试：ERROR.
2025-11-21 21:09:30,326 [INFO] fetch_kline.py:167 301107 第 2 次抓取失败，30 秒后重试：ERROR.
2025-11-21 21:09:30,337 [INFO] fetch_kline.py:167 301108 第 2 次抓取失败，30 秒后重试：ERROR.
2025-11-21 21:09:30,338 [INFO] fetch_kline.py:167 301109 第 2 次抓取失败，30 秒后重试：ERROR.
2025-11-21 21:09:30,340 [INFO] fetch_kline.py:167 301111 第 2 次抓取失败，30 秒后重试：ERROR.
2025-11-21 21:09:30,344 [INFO] fetch_kline.py:167 301112 第 2 次抓取失败，30 秒后重试：ERROR.
2025-11-21 21:10:00,464 [INFO] fetch_kline.py:167 301110 第 3 次抓取失败，45 秒后重试：ERROR.
2025-11-21 21:10:00,483 [INFO] fetch_kline.py:167 301107 第 3 次抓取失败，45 秒后重试：ERROR.
2025-11-21 21:10:00,486 [INFO] fetch_kline.py:167 301112 第 3 次抓取失败，45 秒后重试：ERROR.
2025-11-21 21:10:00,486 [INFO] fetch_kline.py:167 301109 第 3 次抓取失败，45 秒后重试：ERROR.
2025-11-21 21:10:00,492 [INFO] fetch_kline.py:167 301108 第 3 次抓取失败，45 秒后重试：ERROR.
2025-11-21 21:10:00,492 [INFO] fetch_kline.py:167 301111 第 3 次抓取失败，45 秒后重试：ERROR.
2025-11-21 21:10:45,471 [ERROR] fetch_kline.py:170 301110 三次抓取均失败，已跳过！
2025-11-21 21:10:45,491 [ERROR] fetch_kline.py:170 301107 三次抓取均失败，已跳过！
2025-11-21 21:10:45,491 [ERROR] fetch_kline.py:170 301112 三次抓取均失败，已跳过！
2025-11-21 21:10:45,491 [ERROR] fetch_kline.py:170 301109 三次抓取均失败，已跳过！
2025-11-21 21:10:45,500 [ERROR] fetch_kline.py:170 301108 三次抓取均失败，已跳过！
2025-11-21 21:10:45,501 [ERROR] fetch_kline.py:170 301111 三次抓取均失败，已跳过！
2025-11-21 21:10:56,455 [INFO] fetch_kline.py:167 600193 第 1 次抓取失败，15 秒后重试：ERROR.
2025-11-21 21:10:56,464 [INFO] fetch_kline.py:167 600189 第 1 次抓取失败，15 秒后重试：ERROR.
2025-11-21 21:10:56,482 [INFO] fetch_kline.py:167 600195 第 1 次抓取失败，15 秒后重试：ERROR.
2025-11-21 21:10:56,511 [INFO] fetch_kline.py:167 600196 第 1 次抓取失败，15 秒后重试：ERROR.
2025-11-21 21:10:56,554 [INFO] fetch_kline.py:167 600198 第 1 次抓取失败，15 秒后重试：ERROR.
2025-11-21 21:10:56,565 [INFO] fetch_kline.py:167 600197 第 1 次抓取失败，15 秒后重试：ERROR.
2025-11-21 21:11:11,592 [INFO] fetch_kline.py:167 600193 第 2 次抓取失败，30 秒后重试：ERROR.
2025-11-21 21:11:11,613 [INFO] fetch_kline.py:167 600189 第 2 次抓取失败，30 秒后重试：ERROR.
2025-11-21 21:11:11,623 [INFO] fetch_kline.py:167 600195 第 2 次抓取失败，30 秒后重试：ERROR.
2025-11-21 21:11:11,648 [INFO] fetch_kline.py:167 600196 第 2 次抓取失败，30 秒后重试：ERROR.
2025-11-21 21:11:11,693 [INFO] fetch_kline.py:167 600198 第 2 次抓取失败，30 秒后重试：ERROR.
2025-11-21 21:11:11,706 [INFO] fetch_kline.py:167 600197 第 2 次抓取失败，30 秒后重试：ERROR.
2025-11-21 21:11:41,735 [INFO] fetch_kline.py:167 600193 第 3 次抓取失败，45 秒后重试：ERROR.
2025-11-21 21:11:41,743 [INFO] fetch_kline.py:167 600189 第 3 次抓取失败，45 秒后重试：ERROR.
2025-11-21 21:11:41,773 [INFO] fetch_kline.py:167 600195 第 3 次抓取失败，45 秒后重试：ERROR.
2025-11-21 21:11:41,815 [INFO] fetch_kline.py:167 600196 第 3 次抓取失败，45 秒后重试：ERROR.
2025-11-21 21:11:41,848 [INFO] fetch_kline.py:167 600198 第 3 次抓取失败，45 秒后重试：ERROR.
2025-11-21 21:11:41,870 [INFO] fetch_kline.py:167 600197 第 3 次抓取失败，45 秒后重试：ERROR.
2025-11-21 21:12:26,738 [ERROR] fetch_kline.py:170 600193 三次抓取均失败，已跳过！
2025-11-21 21:12:26,750 [ERROR] fetch_kline.py:170 600189 三次抓取均失败，已跳过！
2025-11-21 21:12:26,778 [ERROR] fetch_kline.py:170 600195 三次抓取均失败，已跳过！
2025-11-21 21:12:26,819 [ERROR] fetch_kline.py:170 600196 三次抓取均失败，已跳过！
2025-11-21 21:12:26,853 [ERROR] fetch_kline.py:170 600198 三次抓取均失败，已跳过！
2025-11-21 21:12:26,871 [ERROR] fetch_kline.py:170 600197 三次抓取均失败，已跳过！
2025-11-21 21:12:37,371 [INFO] fetch_kline.py:167 600845 第 1 次抓取失败，15 秒后重试：ERROR.
2025-11-21 21:12:37,433 [INFO] fetch_kline.py:167 600848 第 1 次抓取失败，15 秒后重试：ERROR.
2025-11-21 21:12:37,449 [INFO] fetch_kline.py:167 600847 第 1 次抓取失败，15 秒后重试：ERROR.
2025-11-21 21:12:37,462 [INFO] fetch_kline.py:167 600850 第 1 次抓取失败，15 秒后重试：ERROR.
2025-11-21 21:12:37,498 [INFO] fetch_kline.py:167 600851 第 1 次抓取失败，15 秒后重试：ERROR.
2025-11-21 21:12:37,517 [INFO] fetch_kline.py:167 600853 第 1 次抓取失败，15 秒后重试：ERROR.
2025-11-21 21:13:55,349 [INFO] fetch_kline.py:167 603206 第 1 次抓取失败，15 秒后重试：ERROR.
2025-11-21 21:13:55,359 [INFO] fetch_kline.py:167 603207 第 1 次抓取失败，15 秒后重试：ERROR.
2025-11-21 21:13:55,377 [INFO] fetch_kline.py:167 603209 第 1 次抓取失败，15 秒后重试：ERROR.
2025-11-21 21:13:55,390 [INFO] fetch_kline.py:167 603208 第 1 次抓取失败，15 秒后重试：ERROR.
2025-11-21 21:13:55,415 [INFO] fetch_kline.py:167 603210 第 1 次抓取失败，15 秒后重试：ERROR.
2025-11-21 21:13:55,436 [INFO] fetch_kline.py:167 603211 第 1 次抓取失败，15 秒后重试：ERROR.
2025-11-21 21:14:10,484 [INFO] fetch_kline.py:167 603206 第 2 次抓取失败，30 秒后重试：ERROR.
2025-11-21 21:14:10,494 [INFO] fetch_kline.py:167 603207 第 2 次抓取失败，30 秒后重试：ERROR.
2025-11-21 21:14:10,514 [INFO] fetch_kline.py:167 603209 第 2 次抓取失败，30 秒后重试：ERROR.
2025-11-21 21:14:10,523 [INFO] fetch_kline.py:167 603208 第 2 次抓取失败，30 秒后重试：ERROR.
2025-11-21 21:14:10,540 [INFO] fetch_kline.py:167 603210 第 2 次抓取失败，30 秒后重试：ERROR.
2025-11-21 21:14:10,572 [INFO] fetch_kline.py:167 603211 第 2 次抓取失败，30 秒后重试：ERROR.
2025-11-21 21:14:40,632 [INFO] fetch_kline.py:167 603206 第 3 次抓取失败，45 秒后重试：ERROR.
2025-11-21 21:14:40,638 [INFO] fetch_kline.py:167 603209 第 3 次抓取失败，45 秒后重试：ERROR.
2025-11-21 21:14:40,638 [INFO] fetch_kline.py:167 603207 第 3 次抓取失败，45 秒后重试：ERROR.
2025-11-21 21:14:40,656 [INFO] fetch_kline.py:167 603208 第 3 次抓取失败，45 秒后重试：ERROR.
2025-11-21 21:14:40,665 [INFO] fetch_kline.py:167 603210 第 3 次抓取失败，45 秒后重试：ERROR.
2025-11-21 21:14:40,708 [INFO] fetch_kline.py:167 603211 第 3 次抓取失败，45 秒后重试：ERROR.
2025-11-21 21:15:25,637 [ERROR] fetch_kline.py:170 603206 三次抓取均失败，已跳过！
2025-11-21 21:15:25,642 [ERROR] fetch_kline.py:170 603209 三次抓取均失败，已跳过！
2025-11-21 21:15:25,642 [ERROR] fetch_kline.py:170 603207 三次抓取均失败，已跳过！
2025-11-21 21:15:25,658 [ERROR] fetch_kline.py:170 603208 三次抓取均失败，已跳过！
2025-11-21 21:15:25,667 [ERROR] fetch_kline.py:170 603210 三次抓取均失败，已跳过！
2025-11-21 21:15:25,712 [ERROR] fetch_kline.py:170 603211 三次抓取均失败，已跳过！
2025-11-21 21:15:38,334 [INFO] fetch_kline.py:167 605298 第 1 次抓取失败，15 秒后重试：ERROR.
2025-11-21 21:15:38,335 [INFO] fetch_kline.py:167 605300 第 1 次抓取失败，15 秒后重试：ERROR.
2025-11-21 21:15:38,337 [INFO] fetch_kline.py:167 605296 第 1 次抓取失败，15 秒后重试：ERROR.
2025-11-21 21:15:38,338 [INFO] fetch_kline.py:167 605299 第 1 次抓取失败，15 秒后重试：ERROR.
2025-11-21 21:15:38,396 [INFO] fetch_kline.py:167 605303 第 1 次抓取失败，15 秒后重试：ERROR.
2025-11-21 21:15:38,435 [INFO] fetch_kline.py:167 605305 第 1 次抓取失败，15 秒后重试：ERROR.
2025-11-21 21:15:53,483 [INFO] fetch_kline.py:167 605296 第 2 次抓取失败，30 秒后重试：ERROR.
2025-11-21 21:15:53,492 [INFO] fetch_kline.py:167 605299 第 2 次抓取失败，30 秒后重试：ERROR.
2025-11-21 21:15:53,494 [INFO] fetch_kline.py:167 605298 第 2 次抓取失败，30 秒后重试：ERROR.
2025-11-21 21:15:53,506 [INFO] fetch_kline.py:167 605300 第 2 次抓取失败，30 秒后重试：ERROR.
2025-11-21 21:15:53,555 [INFO] fetch_kline.py:167 605303 第 2 次抓取失败，30 秒后重试：ERROR.
2025-11-21 21:15:53,590 [INFO] fetch_kline.py:167 605305 第 2 次抓取失败，30 秒后重试：ERROR.
2025-11-21 21:16:23,779 [INFO] fetch_kline.py:167 605303 第 3 次抓取失败，45 秒后重试：ERROR.
2025-11-21 21:16:23,780 [INFO] fetch_kline.py:167 605298 第 3 次抓取失败，45 秒后重试：ERROR.
2025-11-21 21:16:23,784 [INFO] fetch_kline.py:167 605296 第 3 次抓取失败，45 秒后重试：ERROR.
2025-11-21 21:16:23,791 [INFO] fetch_kline.py:167 605300 第 3 次抓取失败，45 秒后重试：ERROR.
2025-11-21 21:16:23,798 [INFO] fetch_kline.py:167 605299 第 3 次抓取失败，45 秒后重试：ERROR.
2025-11-21 21:16:23,800 [INFO] fetch_kline.py:167 605305 第 3 次抓取失败，45 秒后重试：ERROR.
2025-11-21 21:17:08,782 [ERROR] fetch_kline.py:170 605303 三次抓取均失败，已跳过！
2025-11-21 21:17:08,783 [ERROR] fetch_kline.py:170 605298 三次抓取均失败，已跳过！
2025-11-21 21:17:08,788 [ERROR] fetch_kline.py:170 605296 三次抓取均失败，已跳过！
2025-11-21 21:17:08,796 [ERROR] fetch_kline.py:170 605300 三次抓取均失败，已跳过！
2025-11-21 21:17:08,800 [ERROR] fetch_kline.py:170 605299 三次抓取均失败，已跳过！
2025-11-21 21:17:08,805 [ERROR] fetch_kline.py:170 605305 三次抓取均失败，已跳过！
2025-11-21 21:17:20,524 [INFO] fetch_kline.py:167 688598 第 1 次抓取失败，15 秒后重试：ERROR.
2025-11-21 21:17:20,595 [INFO] fetch_kline.py:167 688599 第 1 次抓取失败，15 秒后重试：ERROR.
2025-11-21 21:17:20,643 [INFO] fetch_kline.py:167 688601 第 1 次抓取失败，15 秒后重试：ERROR.
2025-11-21 21:17:20,658 [INFO] fetch_kline.py:167 688600 第 1 次抓取失败，15 秒后重试：ERROR.
2025-11-21 21:17:20,658 [INFO] fetch_kline.py:167 688602 第 1 次抓取失败，15 秒后重试：ERROR.
2025-11-21 21:17:20,668 [INFO] fetch_kline.py:167 688603 第 1 次抓取失败，15 秒后重试：ERROR.
2025-11-21 21:17:35,676 [INFO] fetch_kline.py:167 688598 第 2 次抓取失败，30 秒后重试：ERROR.
2025-11-21 21:17:35,877 [INFO] fetch_kline.py:167 688599 第 2 次抓取失败，30 秒后重试：ERROR.
2025-11-21 21:17:35,922 [INFO] fetch_kline.py:167 688601 第 2 次抓取失败，30 秒后重试：ERROR.
2025-11-21 21:17:35,926 [INFO] fetch_kline.py:167 688600 第 2 次抓取失败，30 秒后重试：ERROR.
2025-11-21 21:17:35,940 [INFO] fetch_kline.py:167 688602 第 2 次抓取失败，30 秒后重试：ERROR.
2025-11-21 21:17:35,940 [INFO] fetch_kline.py:167 688603 第 2 次抓取失败，30 秒后重试：ERROR.
2025-11-21 21:18:05,879 [INFO] fetch_kline.py:167 688598 第 3 次抓取失败，45 秒后重试：ERROR.
2025-11-21 21:18:06,113 [INFO] fetch_kline.py:167 688599 第 3 次抓取失败，45 秒后重试：ERROR.
2025-11-21 21:18:06,151 [INFO] fetch_kline.py:167 688603 第 3 次抓取失败，45 秒后重试：ERROR.
2025-11-21 21:18:06,155 [INFO] fetch_kline.py:167 688601 第 3 次抓取失败，45 秒后重试：ERROR.
2025-11-21 21:18:06,161 [INFO] fetch_kline.py:167 688602 第 3 次抓取失败，45 秒后重试：ERROR.
2025-11-21 21:18:06,172 [INFO] fetch_kline.py:167 688600 第 3 次抓取失败，45 秒后重试：ERROR.
2025-11-21 21:18:50,881 [ERROR] fetch_kline.py:170 688598 三次抓取均失败，已跳过！
2025-11-21 21:18:51,116 [ERROR] fetch_kline.py:170 688599 三次抓取均失败，已跳过！
2025-11-21 21:18:51,155 [ERROR] fetch_kline.py:170 688603 三次抓取均失败，已跳过！
2025-11-21 21:18:51,159 [ERROR] fetch_kline.py:170 688601 三次抓取均失败，已跳过！
2025-11-21 21:18:51,163 [ERROR] fetch_kline.py:170 688602 三次抓取均失败，已跳过！
2025-11-21 21:18:51,175 [ERROR] fetch_kline.py:170 688600 三次抓取均失败，已跳过！
2025-11-21 21:18:58,543 [INFO] fetch_kline.py:237 全部任务完成，数据已保存至 /Users/liuyuhang/cursor/StockTradebyZ/data
2025-11-21 21:26:17,915 [INFO] fetch_kline.py:215 使用指定的股票代码列表，共 54 只股票
2025-11-21 21:28:06,462 [INFO] fetch_kline.py:215 使用指定的股票代码列表，共 54 只股票
2025-11-21 21:28:06,462 [INFO] fetch_kline.py:225 开始抓取 54 支股票 | 数据源:Tushare(日线,qfq) | 日期:20240101 → 20251121 | 整体:['001367', '001368', '001373', '001376', '001378', '001379', '002521', '002522', '002523', '002526', '002527', '002528', '300029', '300031', '300032', '300033', '300034', '300035', '300572', '300573', '300575', '300576', '300577', '300578', '301107', '301108', '301109', '301110', '301111', '301112', '600189', '600193', '600195', '600196', '600197', '600198', '603206', '603207', '603208', '603209', '603210', '603211', '605296', '605298', '605299', '605300', '605303', '605305', '688598', '688599', '688600', '688601', '688602', '688603']
2025-11-21 21:28:07,902 [INFO] fetch_kline.py:250 全部任务完成，数据已保存至 /Users/liuyuhang/cursor/StockTradebyZ/data
